<?xml version="1.0" encoding="UTF-8"?>
<testsuite name="ru.spbu.muldrik.ShallowSizeTests" tests="1" skipped="0" failures="0" errors="0" timestamp="2022-02-16T21:27:39" hostname="ArchHome" time="0.018">
  <properties/>
  <testcase name="method exists()" classname="ru.spbu.muldrik.ShallowSizeTests" time="0.018"/>
  <system-out><![CDATA[]]></system-out>
  <system-err><![CDATA[]]></system-err>
</testsuite>
